<?xml version="1.0" encoding="UTF-8" standalone="no"?>
<fileLog>
<createdFiles>
<entry name="C:\Users\Anton\AppData\Local\Programs\Common\i4j_jres\Oda-jK0QgTEmVssfllLP\1.8.0_202_64\bin\hprof.dll" shared="false" uninstallMode="1"/>
<entry name="C:\Users\Anton\AppData\Local\Programs\Common\i4j_jres\Oda-jK0QgTEmVssfllLP\1.8.0_202_64\bin\api-ms-win-core-errorhandling-l1-1-0.dll" shared="false" uninstallMode="1"/>
<entry name="C:\Users\Anton\AppData\Local\Programs\Common\i4j_jres\Oda-jK0QgTEmVssfllLP\1.8.0_202_64\lib\ext\jaccess.jar" shared="false" uninstallMode="1"/>
<entry name="jars\jxbrowser-7.26.jar" shared="false" uninstallMode="0"/>
<entry name="C:\Users\Anton\AppData\Local\Programs\Common\i4j_jres\Oda-jK0QgTEmVssfllLP\1.8.0_202_64\lib\security\java.security" shared="false" uninstallMode="1"/>
<entry name="C:\Users\Anton\AppData\Local\Programs\Common\i4j_jres\Oda-jK0QgTEmVssfllLP\1.8.0_202_64\lib\fonts\LucidaBrightDemiBold.ttf" shared="false" uninstallMode="1"/>
<entry name="C:\Users\Anton\AppData\Local\Programs\Common\i4j_jres\Oda-jK0QgTEmVssfllLP\1.8.0_202_64\bin\api-ms-win-core-synch-l1-1-0.dll" shared="false" uninstallMode="1"/>
<entry name="C:\Users\Anton\AppData\Local\Programs\Common\i4j_jres\Oda-jK0QgTEmVssfllLP\1.8.0_202_64\lib\security\policy\limited\local_policy.jar" shared="false" uninstallMode="1"/>
<entry name="C:\Users\Anton\AppData\Local\Programs\Common\i4j_jres\Oda-jK0QgTEmVssfllLP\1.8.0_202_64\THIRDPARTYLICENSEREADME-JAVAFX.txt" shared="false" uninstallMode="1"/>
<entry name="C:\Users\Anton\AppData\Local\Programs\Common\i4j_jres\Oda-jK0QgTEmVssfllLP\1.8.0_202_64\bin\api-ms-win-crt-stdio-l1-1-0.dll" shared="false" uninstallMode="1"/>
<entry name="C:\Users\Anton\AppData\Local\Programs\Common\i4j_jres\Oda-jK0QgTEmVssfllLP\1.8.0_202_64\lib\fonts\LucidaBrightItalic.ttf" shared="false" uninstallMode="1"/>
<entry name="C:\Users\Anton\AppData\Local\Programs\Common\i4j_jres\Oda-jK0QgTEmVssfllLP\1.8.0_202_64\bin\plugin2\npjp2.dll" shared="false" uninstallMode="1"/>
<entry name="C:\Users\Anton\AppData\Local\Programs\Common\i4j_jres\Oda-jK0QgTEmVssfllLP\1.8.0_202_64\lib\sound.properties" shared="false" uninstallMode="1"/>
<entry name="C:\Users\Anton\AppData\Local\Programs\Common\i4j_jres\Oda-jK0QgTEmVssfllLP\1.8.0_202_64\bin\jfr.dll" shared="false" uninstallMode="1"/>
<entry name="C:\Users\Anton\AppData\Local\Programs\Common\i4j_jres\Oda-jK0QgTEmVssfllLP\1.8.0_202_64\bin\dcpr.dll" shared="false" uninstallMode="1"/>
<entry name="C:\Users\Anton\AppData\Local\Programs\Common\i4j_jres\Oda-jK0QgTEmVssfllLP\1.8.0_202_64\bin\server\jvm.dll" shared="false" uninstallMode="1"/>
<entry name=".install4j\MessagesDefault" shared="false" uninstallMode="2"/>
<entry name="C:\Users\Anton\AppData\Local\Programs\Common\i4j_jres\Oda-jK0QgTEmVssfllLP\1.8.0_202_64\bin\api-ms-win-core-console-l1-1-0.dll" shared="false" uninstallMode="1"/>
<entry name="C:\Users\Anton\AppData\Local\Programs\Common\i4j_jres\Oda-jK0QgTEmVssfllLP\1.8.0_202_64\bin\dtplugin\npdeployJava1.dll" shared="false" uninstallMode="1"/>
<entry name=".install4j\i4j_extf_34_w8hjbe.utf8" shared="false" uninstallMode="2"/>
<entry name="C:\Users\Anton\AppData\Local\Programs\Common\i4j_jres\Oda-jK0QgTEmVssfllLP\1.8.0_202_64\bin\api-ms-win-crt-runtime-l1-1-0.dll" shared="false" uninstallMode="1"/>
<entry name="C:\Users\Anton\AppData\Local\Programs\Common\i4j_jres\Oda-jK0QgTEmVssfllLP\1.8.0_202_64\bin\jfxwebkit.dll" shared="false" uninstallMode="1"/>
<entry name="C:\Users\Anton\AppData\Local\Programs\Common\i4j_jres\Oda-jK0QgTEmVssfllLP\1.8.0_202_64\bin\vcruntime140.dll" shared="false" uninstallMode="1"/>
<entry name="C:\Users\Anton\AppData\Local\Programs\Common\i4j_jres\Oda-jK0QgTEmVssfllLP\1.8.0_202_64\bin\rmiregistry.exe" shared="false" uninstallMode="1"/>
<entry name="C:\Users\Anton\AppData\Local\Programs\Common\i4j_jres\Oda-jK0QgTEmVssfllLP\1.8.0_202_64\bin\dtplugin\deployJava1.dll" shared="false" uninstallMode="1"/>
<entry name=".install4j\user\flatlaf.jar" shared="false" uninstallMode="2"/>
<entry name="C:\Users\Anton\AppData\Local\Programs\Common\i4j_jres\Oda-jK0QgTEmVssfllLP\1.8.0_202_64\lib\ext\access-bridge-64.jar" shared="false" uninstallMode="1"/>
<entry name="C:\Users\Anton\AppData\Local\Programs\Common\i4j_jres\Oda-jK0QgTEmVssfllLP\1.8.0_202_64\bin\api-ms-win-crt-multibyte-l1-1-0.dll" shared="false" uninstallMode="1"/>
<entry name="C:\Users\Anton\AppData\Local\Programs\Common\i4j_jres\Oda-jK0QgTEmVssfllLP\1.8.0_202_64\lib\deploy\splash_11-lic.gif" shared="false" uninstallMode="1"/>
<entry name=".install4j\installation.log" shared="false" uninstallMode="0"/>
<entry name="C:\Users\Anton\AppData\Local\Programs\Common\i4j_jres\Oda-jK0QgTEmVssfllLP\1.8.0_202_64\COPYRIGHT" shared="false" uninstallMode="1"/>
<entry name="C:\Users\Anton\AppData\Local\Programs\Common\i4j_jres\Oda-jK0QgTEmVssfllLP\1.8.0_202_64\bin\java.dll" shared="false" uninstallMode="1"/>
<entry name="C:\Users\Anton\AppData\Local\Programs\Common\i4j_jres\Oda-jK0QgTEmVssfllLP\1.8.0_202_64\bin\glib-lite.dll" shared="false" uninstallMode="1"/>
<entry name="data\audit.xsl" shared="false" uninstallMode="0"/>
<entry name=".install4j\i4j_extf_21_w8hjbe.utf8" shared="false" uninstallMode="2"/>
<entry name=".install4j\stats.properties" shared="false" uninstallMode="2"/>
<entry name=".install4j\i4j_extf_30_w8hjbe.utf8" shared="false" uninstallMode="2"/>
<entry name="C:\Users\Anton\AppData\Local\Programs\Common\i4j_jres\Oda-jK0QgTEmVssfllLP\1.8.0_202_64\bin\jsound.dll" shared="false" uninstallMode="1"/>
<entry name="C:\Users\Anton\AppData\Local\Programs\Common\i4j_jres\Oda-jK0QgTEmVssfllLP\1.8.0_202_64\bin\api-ms-win-crt-environment-l1-1-0.dll" shared="false" uninstallMode="1"/>
<entry name="C:\Users\Anton\AppData\Local\Programs\Common\i4j_jres\Oda-jK0QgTEmVssfllLP\1.8.0_202_64\bin\ssv.dll" shared="false" uninstallMode="1"/>
<entry name="C:\Users\Anton\AppData\Local\Programs\Common\i4j_jres\Oda-jK0QgTEmVssfllLP\1.8.0_202_64\bin\fontmanager.dll" shared="false" uninstallMode="1"/>
<entry name="C:\Users\Anton\AppData\Local\Programs\Common\i4j_jres\Oda-jK0QgTEmVssfllLP\1.8.0_202_64\lib\jfr.jar" shared="false" uninstallMode="1"/>
<entry name="C:\Users\Anton\AppData\Local\Programs\Common\i4j_jres\Oda-jK0QgTEmVssfllLP\1.8.0_202_64\lib\hijrah-config-umalqura.properties" shared="false" uninstallMode="1"/>
<entry name="jars\jackson-core-2.12.3.jar" shared="false" uninstallMode="0"/>
<entry name=".install4j\i4j_extf_35_w8hjbe.properties" shared="false" uninstallMode="2"/>
<entry name=".install4j\installer.ico" shared="false" uninstallMode="2"/>
<entry name="C:\Users\Anton\AppData\Local\Programs\Common\i4j_jres\Oda-jK0QgTEmVssfllLP\1.8.0_202_64\bin\jjs.exe" shared="false" uninstallMode="1"/>
<entry name="C:\Users\Anton\AppData\Local\Programs\Common\i4j_jres\Oda-jK0QgTEmVssfllLP\1.8.0_202_64\lib\images\cursors\win32_LinkDrop32x32.gif" shared="false" uninstallMode="1"/>
<entry name="C:\Users\Anton\AppData\Local\Programs\Common\i4j_jres\Oda-jK0QgTEmVssfllLP\1.8.0_202_64\lib\cmm\LINEAR_RGB.pf" shared="false" uninstallMode="1"/>
<entry name="C:\Users\Anton\AppData\Local\Programs\Common\i4j_jres\Oda-jK0QgTEmVssfllLP\1.8.0_202_64\bin\api-ms-win-core-libraryloader-l1-1-0.dll" shared="false" uninstallMode="1"/>
<entry name="C:\Users\Anton\AppData\Local\Programs\Common\i4j_jres\Oda-jK0QgTEmVssfllLP\1.8.0_202_64\bin\api-ms-win-crt-heap-l1-1-0.dll" shared="false" uninstallMode="1"/>
<entry name="C:\Users\Anton\AppData\Local\Programs\Common\i4j_jres\Oda-jK0QgTEmVssfllLP\1.8.0_202_64\bin\tnameserv.exe" shared="false" uninstallMode="1"/>
<entry name="C:\Users\Anton\AppData\Local\Programs\Common\i4j_jres\Oda-jK0QgTEmVssfllLP\1.8.0_202_64\bin\prism_sw.dll" shared="false" uninstallMode="1"/>
<entry name="C:\Users\Anton\AppData\Roaming\Microsoft\Windows\Start Menu\Programs\IB Gateway 10.19\IB Gateway 10.19.lnk" shared="false" uninstallMode="2"/>
<entry name="C:\Users\Anton\AppData\Local\Programs\Common\i4j_jres\Oda-jK0QgTEmVssfllLP\1.8.0_202_64\bin\java_crw_demo.dll" shared="false" uninstallMode="1"/>
<entry name="C:\Users\Anton\AppData\Local\Programs\Common\i4j_jres\Oda-jK0QgTEmVssfllLP\1.8.0_202_64\bin\mlib_image.dll" shared="false" uninstallMode="1"/>
<entry name="C:\Users\Anton\AppData\Local\Programs\Common\i4j_jres\Oda-jK0QgTEmVssfllLP\1.8.0_202_64\bin\verify.dll" shared="false" uninstallMode="1"/>
<entry name="C:\Users\Anton\AppData\Local\Programs\Common\i4j_jres\Oda-jK0QgTEmVssfllLP\1.8.0_202_64\lib\fonts\LucidaTypewriterRegular.ttf" shared="false" uninstallMode="1"/>
<entry name="C:\Users\Anton\AppData\Local\Programs\Common\i4j_jres\Oda-jK0QgTEmVssfllLP\1.8.0_202_64\bin\unpack200.exe" shared="false" uninstallMode="1"/>
<entry name="C:\Users\Anton\AppData\Local\Programs\Common\i4j_jres\Oda-jK0QgTEmVssfllLP\1.8.0_202_64\bin\eula.dll" shared="false" uninstallMode="1"/>
<entry name="C:\Users\Anton\AppData\Local\Programs\Common\i4j_jres\Oda-jK0QgTEmVssfllLP\1.8.0_202_64\bin\api-ms-win-crt-utility-l1-1-0.dll" shared="false" uninstallMode="1"/>
<entry name=".install4j\i4j_extf_23_w8hjbe.utf8" shared="false" uninstallMode="2"/>
<entry name="C:\Users\Anton\AppData\Local\Programs\Common\i4j_jres\Oda-jK0QgTEmVssfllLP\1.8.0_202_64\bin\WindowsAccessBridge-64.dll" shared="false" uninstallMode="1"/>
<entry name="C:\Users\Anton\AppData\Local\Programs\Common\i4j_jres\Oda-jK0QgTEmVssfllLP\1.8.0_202_64\release" shared="false" uninstallMode="1"/>
<entry name="C:\Users\Anton\AppData\Roaming\Microsoft\Windows\Start Menu\Programs\IB Gateway 10.19\IB Gateway 10.19 Деинсталлятор.lnk" shared="false" uninstallMode="2"/>
<entry name="C:\Users\Anton\AppData\Local\Programs\Common\i4j_jres\Oda-jK0QgTEmVssfllLP\1.8.0_202_64\bin\klist.exe" shared="false" uninstallMode="1"/>
<entry name=".install4j\i4j_extf_25_w8hjbe.utf8" shared="false" uninstallMode="2"/>
<entry name="C:\Users\Anton\AppData\Local\Programs\Common\i4j_jres\Oda-jK0QgTEmVssfllLP\1.8.0_202_64\lib\rt.jar" shared="false" uninstallMode="1"/>
<entry name="C:\Users\Anton\AppData\Local\Programs\Common\i4j_jres\Oda-jK0QgTEmVssfllLP\1.8.0_202_64\bin\api-ms-win-core-debug-l1-1-0.dll" shared="false" uninstallMode="1"/>
<entry name="C:\Users\Anton\AppData\Local\Programs\Common\i4j_jres\Oda-jK0QgTEmVssfllLP\1.8.0_202_64\lib\jfr\profile.jfc" shared="false" uninstallMode="1"/>
<entry name=".install4j\i4j_extf_9_w8hjbe.utf8" shared="false" uninstallMode="2"/>
<entry name="C:\Users\Anton\AppData\Local\Programs\Common\i4j_jres\Oda-jK0QgTEmVssfllLP\1.8.0_202_64\bin\jp2iexp.dll" shared="false" uninstallMode="1"/>
<entry name="C:\Users\Anton\AppData\Local\Programs\Common\i4j_jres\Oda-jK0QgTEmVssfllLP\1.8.0_202_64\bin\jpeg.dll" shared="false" uninstallMode="1"/>
<entry name="C:\Users\Anton\AppData\Local\Programs\Common\i4j_jres\Oda-jK0QgTEmVssfllLP\1.8.0_202_64\bin\jp2native.dll" shared="false" uninstallMode="1"/>
<entry name="C:\Users\Anton\AppData\Local\Programs\Common\i4j_jres\Oda-jK0QgTEmVssfllLP\1.8.0_202_64\lib\deploy\messages.properties" shared="false" uninstallMode="1"/>
<entry name=".install4j\i4j_extf_7_w8hjbe.utf8" shared="false" uninstallMode="2"/>
<entry name=".install4j\i4j_extf_29_w8hjbe.utf8" shared="false" uninstallMode="2"/>
<entry name="C:\Users\Anton\AppData\Local\Programs\Common\i4j_jres\Oda-jK0QgTEmVssfllLP\1.8.0_202_64\lib\deploy\splash.gif" shared="false" uninstallMode="1"/>
<entry name="C:\Users\Anton\AppData\Local\Programs\Common\i4j_jres\Oda-jK0QgTEmVssfllLP\1.8.0_202_64\bin\api-ms-win-core-file-l2-1-0.dll" shared="false" uninstallMode="1"/>
<entry name="C:\Users\Anton\AppData\Local\Programs\Common\i4j_jres\Oda-jK0QgTEmVssfllLP\1.8.0_202_64\bin\jp2ssv.dll" shared="false" uninstallMode="1"/>
<entry name="C:\Users\Anton\AppData\Local\Programs\Common\i4j_jres\Oda-jK0QgTEmVssfllLP\1.8.0_202_64\bin\jdwp.dll" shared="false" uninstallMode="1"/>
<entry name="C:\Users\Anton\AppData\Local\Programs\Common\i4j_jres\Oda-jK0QgTEmVssfllLP\1.8.0_202_64\lib\jfr\default.jfc" shared="false" uninstallMode="1"/>
<entry name=".install4j\i4j_extf_32_w8hjbe.properties" shared="false" uninstallMode="2"/>
<entry name=".install4j\i4j_extf_22_w8hjbe.properties" shared="false" uninstallMode="2"/>
<entry name="C:\Users\Anton\AppData\Local\Programs\Common\i4j_jres\Oda-jK0QgTEmVssfllLP\1.8.0_202_64\lib\ext\meta-index" shared="false" uninstallMode="1"/>
<entry name="C:\Users\Anton\AppData\Local\Programs\Common\i4j_jres\Oda-jK0QgTEmVssfllLP\1.8.0_202_64\lib\flavormap.properties" shared="false" uninstallMode="1"/>
<entry name="C:\Users\Anton\AppData\Local\Programs\Common\i4j_jres\Oda-jK0QgTEmVssfllLP\1.8.0_202_64\bin\jp2launcher.exe" shared="false" uninstallMode="1"/>
<entry name="jre\lib\sparc\server\classes.jsa" shared="false" uninstallMode="0"/>
<entry name="C:\Users\Anton\AppData\Local\Programs\Common\i4j_jres\Oda-jK0QgTEmVssfllLP\1.8.0_202_64\lib\ext\nashorn.jar" shared="false" uninstallMode="1"/>
<entry name="C:\Users\Anton\AppData\Local\Programs\Common\i4j_jres\Oda-jK0QgTEmVssfllLP\1.8.0_202_64\Welcome.html" shared="false" uninstallMode="1"/>
<entry name="C:\Users\Anton\AppData\Local\Programs\Common\i4j_jres\Oda-jK0QgTEmVssfllLP\1.8.0_202_64\bin\concrt140.dll" shared="false" uninstallMode="1"/>
<entry name="C:\Users\Anton\AppData\Local\Programs\Common\i4j_jres\Oda-jK0QgTEmVssfllLP\1.8.0_202_64\bin\zip.dll" shared="false" uninstallMode="1"/>
<entry name="C:\Users\Anton\AppData\Local\Programs\Common\i4j_jres\Oda-jK0QgTEmVssfllLP\1.8.0_202_64\bin\api-ms-win-core-processthreads-l1-1-1.dll" shared="false" uninstallMode="1"/>
<entry name="C:\Users\Anton\AppData\Local\Programs\Common\i4j_jres\Oda-jK0QgTEmVssfllLP\1.8.0_202_64\bin\keytool.exe" shared="false" uninstallMode="1"/>
<entry name="C:\Users\Anton\AppData\Local\Programs\Common\i4j_jres\Oda-jK0QgTEmVssfllLP\1.8.0_202_64\bin\javacpl.cpl" shared="false" uninstallMode="1"/>
<entry name="C:\Users\Anton\AppData\Local\Programs\Common\i4j_jres\Oda-jK0QgTEmVssfllLP\1.8.0_202_64\bin\jaas_nt.dll" shared="false" uninstallMode="1"/>
<entry name=".install4j\i4j_extf_2_w8hjbe.utf8" shared="false" uninstallMode="2"/>
<entry name="C:\Users\Anton\AppData\Local\Programs\Common\i4j_jres\Oda-jK0QgTEmVssfllLP\1.8.0_202_64\lib\security\policy\unlimited\US_export_policy.jar" shared="false" uninstallMode="1"/>
<entry name="C:\Users\Anton\AppData\Local\Programs\Common\i4j_jres\Oda-jK0QgTEmVssfllLP\1.8.0_202_64\lib\images\cursors\win32_CopyNoDrop32x32.gif" shared="false" uninstallMode="1"/>
<entry name=".install4j\i4j_extf_0_w8hjbe.utf8" shared="false" uninstallMode="2"/>
<entry name=".install4j\i4j_extf_4_w8hjbe.utf8" shared="false" uninstallMode="2"/>
<entry name="C:\Users\Anton\AppData\Local\Programs\Common\i4j_jres\Oda-jK0QgTEmVssfllLP\1.8.0_202_64\bin\npt.dll" shared="false" uninstallMode="1"/>
<entry name="C:\Users\Anton\AppData\Local\Programs\Common\i4j_jres\Oda-jK0QgTEmVssfllLP\1.8.0_202_64\bin\api-ms-win-core-string-l1-1-0.dll" shared="false" uninstallMode="1"/>
<entry name=".install4j\i4j_extf_42_w8hjbe_18gg8kx@2x_dark.png" shared="false" uninstallMode="2"/>
<entry name="jars\jts4launch-1019.jar" shared="false" uninstallMode="0"/>
<entry name="C:\Users\Anton\AppData\Local\Programs\Common\i4j_jres\Oda-jK0QgTEmVssfllLP\1.8.0_202_64\bin\api-ms-win-core-memory-l1-1-0.dll" shared="false" uninstallMode="1"/>
<entry name="C:\Users\Anton\AppData\Local\Programs\Common\i4j_jres\Oda-jK0QgTEmVssfllLP\1.8.0_202_64\bin\jawt.dll" shared="false" uninstallMode="1"/>
<entry name=".install4j\pref_jre.cfg" shared="false" uninstallMode="0"/>
<entry name=".install4j\i4j_extf_16_w8hjbe.properties" shared="false" uninstallMode="2"/>
<entry name="C:\Users\Anton\AppData\Local\Programs\Common\i4j_jres\Oda-jK0QgTEmVssfllLP\1.8.0_202_64\bin\api-ms-win-core-datetime-l1-1-0.dll" shared="false" uninstallMode="1"/>
<entry name="C:\Users\Anton\AppData\Local\Programs\Common\i4j_jres\Oda-jK0QgTEmVssfllLP\1.8.0_202_64\lib\psfont.properties.ja" shared="false" uninstallMode="1"/>
<entry name="C:\Users\Anton\AppData\Local\Programs\Common\i4j_jres\Oda-jK0QgTEmVssfllLP\1.8.0_202_64\lib\cmm\sRGB.pf" shared="false" uninstallMode="1"/>
<entry name="C:\Users\Anton\AppData\Local\Programs\Common\i4j_jres\Oda-jK0QgTEmVssfllLP\1.8.0_202_64\bin\jsoundds.dll" shared="false" uninstallMode="1"/>
<entry name="jre\lib\sparc\client\classes.jsa" shared="false" uninstallMode="0"/>
<entry name="C:\Users\Anton\AppData\Local\Programs\Common\i4j_jres\Oda-jK0QgTEmVssfllLP\1.8.0_202_64\lib\content-types.properties" shared="false" uninstallMode="1"/>
<entry name="C:\Users\Anton\AppData\Local\Programs\Common\i4j_jres\Oda-jK0QgTEmVssfllLP\1.8.0_202_64\bin\lcms.dll" shared="false" uninstallMode="1"/>
<entry name="C:\Users\Anton\AppData\Local\Programs\Common\i4j_jres\Oda-jK0QgTEmVssfllLP\1.8.0_202_64\bin\net.dll" shared="false" uninstallMode="1"/>
<entry name="C:\Users\Anton\AppData\Local\Programs\Common\i4j_jres\Oda-jK0QgTEmVssfllLP\1.8.0_202_64\bin\w2k_lsa_auth.dll" shared="false" uninstallMode="1"/>
<entry name="C:\Users\Anton\AppData\Local\Programs\Common\i4j_jres\Oda-jK0QgTEmVssfllLP\1.8.0_202_64\lib\calendars.properties" shared="false" uninstallMode="1"/>
<entry name="C:\Users\Anton\AppData\Local\Programs\Common\i4j_jres\Oda-jK0QgTEmVssfllLP\1.8.0_202_64\lib\ext\cldrdata.jar" shared="false" uninstallMode="1"/>
<entry name=".install4j\i4jparams.conf" shared="false" uninstallMode="2"/>
<entry name=".install4j\install.prop" shared="false" uninstallMode="0"/>
<entry name="C:\Users\Anton\AppData\Local\Programs\Common\i4j_jres\Oda-jK0QgTEmVssfllLP\1.8.0_202_64\bin\api-ms-win-core-sysinfo-l1-1-0.dll" shared="false" uninstallMode="1"/>
<entry name="C:\Users\Anton\AppData\Local\Programs\Common\i4j_jres\Oda-jK0QgTEmVssfllLP\1.8.0_202_64\bin\policytool.exe" shared="false" uninstallMode="1"/>
<entry name="jre\bin\client\classes.jsa" shared="false" uninstallMode="0"/>
<entry name="C:\Users\Anton\AppData\Local\Programs\Common\i4j_jres\Oda-jK0QgTEmVssfllLP\1.8.0_202_64\bin\api-ms-win-core-localization-l1-2-0.dll" shared="false" uninstallMode="1"/>
<entry name="C:\Users\Anton\AppData\Local\Programs\Common\i4j_jres\Oda-jK0QgTEmVssfllLP\1.8.0_202_64\lib\deploy\messages_zh_TW.properties" shared="false" uninstallMode="1"/>
<entry name=".install4j\i4j_extf_42_w8hjbe_18gg8kx_dark.png" shared="false" uninstallMode="2"/>
<entry name="C:\Users\Anton\AppData\Local\Programs\Common\i4j_jres\Oda-jK0QgTEmVssfllLP\1.8.0_202_64\bin\api-ms-win-core-profile-l1-1-0.dll" shared="false" uninstallMode="1"/>
<entry name="C:\Users\Anton\AppData\Local\Programs\Common\i4j_jres\Oda-jK0QgTEmVssfllLP\1.8.0_202_64\bin\javafx_iio.dll" shared="false" uninstallMode="1"/>
<entry name="C:\Users\Anton\AppData\Local\Programs\Common\i4j_jres\Oda-jK0QgTEmVssfllLP\1.8.0_202_64\bin\t2k.dll" shared="false" uninstallMode="1"/>
<entry name="C:\Users\Anton\AppData\Local\Programs\Common\i4j_jres\Oda-jK0QgTEmVssfllLP\1.8.0_202_64\bin\unpack.dll" shared="false" uninstallMode="1"/>
<entry name="C:\Users\Anton\AppData\Local\Programs\Common\i4j_jres\Oda-jK0QgTEmVssfllLP\1.8.0_202_64\lib\ext\localedata.jar" shared="false" uninstallMode="1"/>
<entry name="C:\Users\Anton\AppData\Local\Programs\Common\i4j_jres\Oda-jK0QgTEmVssfllLP\1.8.0_202_64\lib\ext\dnsns.jar" shared="false" uninstallMode="1"/>
<entry name="C:\Users\Anton\AppData\Local\Programs\Common\i4j_jres\Oda-jK0QgTEmVssfllLP\1.8.0_202_64\lib\deploy\messages_zh_HK.properties" shared="false" uninstallMode="1"/>
<entry name=".install4j\i4j_extf_11_w8hjbe.properties" shared="false" uninstallMode="2"/>
<entry name="C:\Users\Anton\AppData\Local\Programs\Common\i4j_jres\Oda-jK0QgTEmVssfllLP\1.8.0_202_64\lib\management\jmxremote.password.template" shared="false" uninstallMode="1"/>
<entry name="C:\Users\Anton\AppData\Local\Programs\Common\i4j_jres\Oda-jK0QgTEmVssfllLP\1.8.0_202_64\bin\fxplugins.dll" shared="false" uninstallMode="1"/>
<entry name="C:\Users\Anton\AppData\Local\Programs\Common\i4j_jres\Oda-jK0QgTEmVssfllLP\1.8.0_202_64\lib\cmm\PYCC.pf" shared="false" uninstallMode="1"/>
<entry name="C:\Users\Anton\AppData\Local\Programs\Common\i4j_jres\Oda-jK0QgTEmVssfllLP\1.8.0_202_64\bin\bci.dll" shared="false" uninstallMode="1"/>
<entry name="C:\Users\Anton\AppData\Local\Programs\Common\i4j_jres\Oda-jK0QgTEmVssfllLP\1.8.0_202_64\bin\api-ms-win-core-synch-l1-2-0.dll" shared="false" uninstallMode="1"/>
<entry name="C:\Users\Anton\AppData\Local\Programs\Common\i4j_jres\Oda-jK0QgTEmVssfllLP\1.8.0_202_64\lib\deploy\messages_ko.properties" shared="false" uninstallMode="1"/>
<entry name="C:\Users\Anton\AppData\Local\Programs\Common\i4j_jres\Oda-jK0QgTEmVssfllLP\1.8.0_202_64\bin\j2pcsc.dll" shared="false" uninstallMode="1"/>
<entry name="C:\Users\Anton\AppData\Local\Programs\Common\i4j_jres\Oda-jK0QgTEmVssfllLP\1.8.0_202_64\bin\api-ms-win-crt-string-l1-1-0.dll" shared="false" uninstallMode="1"/>
<entry name="C:\Users\Anton\AppData\Local\Programs\Common\i4j_jres\Oda-jK0QgTEmVssfllLP\1.8.0_202_64\lib\fontconfig.properties.src" shared="false" uninstallMode="1"/>
<entry name="C:\Users\Anton\AppData\Local\Programs\Common\i4j_jres\Oda-jK0QgTEmVssfllLP\1.8.0_202_64\lib\fontconfig.bfc" shared="false" uninstallMode="1"/>
<entry name=".install4j\i4jinst.dll" shared="false" uninstallMode="0"/>
<entry name="C:\Users\Anton\AppData\Local\Programs\Common\i4j_jres\Oda-jK0QgTEmVssfllLP\1.8.0_202_64\bin\kinit.exe" shared="false" uninstallMode="1"/>
<entry name="C:\Users\Anton\AppData\Local\Programs\Common\i4j_jres\Oda-jK0QgTEmVssfllLP\1.8.0_202_64\lib\plugin.jar" shared="false" uninstallMode="1"/>
<entry name="C:\Users\Anton\AppData\Local\Programs\Common\i4j_jres\Oda-jK0QgTEmVssfllLP\1.8.0_202_64\lib\deploy\messages_it.properties" shared="false" uninstallMode="1"/>
<entry name="jre\lib\i386\client\classes.jsa" shared="false" uninstallMode="0"/>
<entry name=".install4j\i4j_extf_36_w8hjbe.utf8" shared="false" uninstallMode="2"/>
<entry name=".install4j\i4j_extf_38_w8hjbe.utf8" shared="false" uninstallMode="2"/>
<entry name="C:\Users\Anton\AppData\Local\Programs\Common\i4j_jres\Oda-jK0QgTEmVssfllLP\1.8.0_202_64\lib\amd64\jvm.cfg" shared="false" uninstallMode="1"/>
<entry name="C:\Users\Anton\AppData\Local\Programs\Common\i4j_jres\Oda-jK0QgTEmVssfllLP\1.8.0_202_64\bin\deploy.dll" shared="false" uninstallMode="1"/>
<entry name="C:\Users\Anton\AppData\Local\Programs\Common\i4j_jres\Oda-jK0QgTEmVssfllLP\1.8.0_202_64\bin\msvcp140.dll" shared="false" uninstallMode="1"/>
<entry name=".install4j\i4j_extf_13_w8hjbe.properties" shared="false" uninstallMode="2"/>
<entry name="C:\Users\Anton\AppData\Local\Programs\Common\i4j_jres\Oda-jK0QgTEmVssfllLP\1.8.0_202_64\lib\deploy\messages_ja.properties" shared="false" uninstallMode="1"/>
<entry name="C:\Users\Anton\AppData\Local\Programs\Common\i4j_jres\Oda-jK0QgTEmVssfllLP\1.8.0_202_64\lib\deploy\ffjcext.zip" shared="false" uninstallMode="1"/>
<entry name=".install4j\i4j_extf_39_w8hjbe.utf8" shared="false" uninstallMode="2"/>
<entry name="C:\Users\Anton\AppData\Local\Programs\Common\i4j_jres\Oda-jK0QgTEmVssfllLP\1.8.0_202_64\bin\servertool.exe" shared="false" uninstallMode="1"/>
<entry name="C:\Users\Anton\AppData\Local\Programs\Common\i4j_jres\Oda-jK0QgTEmVssfllLP\1.8.0_202_64\lib\cmm\CIEXYZ.pf" shared="false" uninstallMode="1"/>
<entry name="C:\Users\Anton\AppData\Local\Programs\Common\i4j_jres\Oda-jK0QgTEmVssfllLP\1.8.0_202_64\bin\JAWTAccessBridge-64.dll" shared="false" uninstallMode="1"/>
<entry name="C:\Users\Anton\AppData\Local\Programs\Common\i4j_jres\Oda-jK0QgTEmVssfllLP\1.8.0_202_64\lib\images\cursors\cursors.properties" shared="false" uninstallMode="1"/>
<entry name="C:\Users\Anton\AppData\Local\Programs\Common\i4j_jres\Oda-jK0QgTEmVssfllLP\1.8.0_202_64\bin\orbd.exe" shared="false" uninstallMode="1"/>
<entry name="jars\jxbrowser-win64-7.26.jar" shared="false" uninstallMode="0"/>
<entry name=".install4j\i4j_extf_40_w8hjbe_czgnkz.ico" shared="false" uninstallMode="2"/>
<entry name="C:\Users\Anton\AppData\Local\Programs\Common\i4j_jres\Oda-jK0QgTEmVssfllLP\1.8.0_202_64\lib\fonts\LucidaTypewriterBold.ttf" shared="false" uninstallMode="1"/>
<entry name=".install4j\i4j_extf_18_w8hjbe.properties" shared="false" uninstallMode="2"/>
<entry name="C:\Users\Anton\AppData\Local\Programs\Common\i4j_jres\Oda-jK0QgTEmVssfllLP\1.8.0_202_64\lib\deploy\messages_sv.properties" shared="false" uninstallMode="1"/>
<entry name="ibgateway.exe" shared="false" uninstallMode="0"/>
<entry name="C:\Users\Anton\AppData\Local\Programs\Common\i4j_jres\Oda-jK0QgTEmVssfllLP\1.8.0_202_64\bin\rmid.exe" shared="false" uninstallMode="1"/>
<entry name="C:\Users\Anton\AppData\Local\Programs\Common\i4j_jres\Oda-jK0QgTEmVssfllLP\1.8.0_202_64\lib\javaws.jar" shared="false" uninstallMode="1"/>
<entry name="C:\Users\Anton\AppData\Local\Programs\Common\i4j_jres\Oda-jK0QgTEmVssfllLP\1.8.0_202_64\lib\images\cursors\win32_LinkNoDrop32x32.gif" shared="false" uninstallMode="1"/>
<entry name="C:\Users\Anton\AppData\Local\Programs\Common\i4j_jres\Oda-jK0QgTEmVssfllLP\1.8.0_202_64\bin\jabswitch.exe" shared="false" uninstallMode="1"/>
<entry name="C:\Users\Anton\AppData\Local\Programs\Common\i4j_jres\Oda-jK0QgTEmVssfllLP\1.8.0_202_64\lib\security\blacklisted.certs" shared="false" uninstallMode="1"/>
<entry name="C:\Users\Anton\AppData\Local\Programs\Common\i4j_jres\Oda-jK0QgTEmVssfllLP\1.8.0_202_64\bin\wsdetect.dll" shared="false" uninstallMode="1"/>
<entry name="C:\Users\Anton\AppData\Local\Programs\Common\i4j_jres\Oda-jK0QgTEmVssfllLP\1.8.0_202_64\bin\api-ms-win-crt-process-l1-1-0.dll" shared="false" uninstallMode="1"/>
<entry name="data\auditsummary.xsl" shared="false" uninstallMode="0"/>
<entry name=".install4j\i4j_extf_33_w8hjbe.utf8" shared="false" uninstallMode="2"/>
<entry name="C:\Users\Anton\AppData\Local\Programs\Common\i4j_jres\Oda-jK0QgTEmVssfllLP\1.8.0_202_64\lib\ext\zipfs.jar" shared="false" uninstallMode="1"/>
<entry name="C:\Users\Anton\AppData\Local\Programs\Common\i4j_jres\Oda-jK0QgTEmVssfllLP\1.8.0_202_64\lib\classlist" shared="false" uninstallMode="1"/>
<entry name="C:\Users\Anton\AppData\Local\Programs\Common\i4j_jres\Oda-jK0QgTEmVssfllLP\1.8.0_202_64\bin\api-ms-win-core-util-l1-1-0.dll" shared="false" uninstallMode="1"/>
<entry name="C:\Users\Anton\AppData\Local\Programs\Common\i4j_jres\Oda-jK0QgTEmVssfllLP\1.8.0_202_64\bin\j2pkcs11.dll" shared="false" uninstallMode="1"/>
<entry name="jars\twslaunch-1019.jar" shared="false" uninstallMode="0"/>
<entry name="C:\Users\Anton\AppData\Local\Programs\Common\i4j_jres\Oda-jK0QgTEmVssfllLP\1.8.0_202_64\bin\javaw.exe" shared="false" uninstallMode="1"/>
<entry name="C:\Users\Anton\AppData\Local\Programs\Common\i4j_jres\Oda-jK0QgTEmVssfllLP\1.8.0_202_64\bin\splashscreen.dll" shared="false" uninstallMode="1"/>
<entry name="C:\Users\Anton\AppData\Local\Programs\Common\i4j_jres\Oda-jK0QgTEmVssfllLP\1.8.0_202_64\lib\ext\sunec.jar" shared="false" uninstallMode="1"/>
<entry name="C:\Users\Anton\AppData\Local\Programs\Common\i4j_jres\Oda-jK0QgTEmVssfllLP\1.8.0_202_64\lib\fonts\LucidaBrightRegular.ttf" shared="false" uninstallMode="1"/>
<entry name=".install4j\i4j_extf_42_w8hjbe_18gg8kx@2x.png" shared="false" uninstallMode="2"/>
<entry name="C:\Users\Anton\AppData\Local\Programs\Common\i4j_jres\Oda-jK0QgTEmVssfllLP\1.8.0_202_64\lib\fonts\LucidaSansDemiBold.ttf" shared="false" uninstallMode="1"/>
<entry name=".install4j\i4j_extf_41_w8hjbe_d36cl.png" shared="false" uninstallMode="2"/>
<entry name="C:\Users\Anton\AppData\Local\Programs\Common\i4j_jres\Oda-jK0QgTEmVssfllLP\1.8.0_202_64\lib\accessibility.properties" shared="false" uninstallMode="1"/>
<entry name="C:\Users\Anton\AppData\Local\Programs\Common\i4j_jres\Oda-jK0QgTEmVssfllLP\1.8.0_202_64\bin\api-ms-win-core-interlocked-l1-1-0.dll" shared="false" uninstallMode="1"/>
<entry name="C:\Users\Anton\AppData\Local\Programs\Common\i4j_jres\Oda-jK0QgTEmVssfllLP\1.8.0_202_64\lib\deploy\splash@2x.gif" shared="false" uninstallMode="1"/>
<entry name="C:\Users\Anton\AppData\Local\Programs\Common\i4j_jres\Oda-jK0QgTEmVssfllLP\1.8.0_202_64\lib\security\blacklist" shared="false" uninstallMode="1"/>
<entry name=".install4j\i4j_extf_31_w8hjbe.utf8" shared="false" uninstallMode="2"/>
<entry name="C:\Users\Anton\AppData\Local\Programs\Common\i4j_jres\Oda-jK0QgTEmVssfllLP\1.8.0_202_64\bin\javacpl.exe" shared="false" uninstallMode="1"/>
<entry name="C:\Users\Anton\AppData\Local\Programs\Common\i4j_jres\Oda-jK0QgTEmVssfllLP\1.8.0_202_64\lib\images\cursors\win32_MoveDrop32x32.gif" shared="false" uninstallMode="1"/>
<entry name="C:\Users\Anton\AppData\Local\Programs\Common\i4j_jres\Oda-jK0QgTEmVssfllLP\1.8.0_202_64\lib\security\javaws.policy" shared="false" uninstallMode="1"/>
<entry name=".install4j\i4j_extf_20_w8hjbe.utf8" shared="false" uninstallMode="2"/>
<entry name="C:\Users\Anton\AppData\Local\Programs\Common\i4j_jres\Oda-jK0QgTEmVssfllLP\1.8.0_202_64\lib\security\trusted.libraries" shared="false" uninstallMode="1"/>
<entry name="C:\Users\Anton\AppData\Local\Programs\Common\i4j_jres\Oda-jK0QgTEmVssfllLP\1.8.0_202_64\lib\fonts\LucidaBrightDemiItalic.ttf" shared="false" uninstallMode="1"/>
<entry name="C:\Users\Anton\AppData\Local\Programs\Common\i4j_jres\Oda-jK0QgTEmVssfllLP\1.8.0_202_64\bin\api-ms-win-core-file-l1-1-0.dll" shared="false" uninstallMode="1"/>
<entry name=".install4j\i4j_extf_1_w8hjbe.properties" shared="false" uninstallMode="2"/>
<entry name="jre\lib\amd64\client\classes.jsa" shared="false" uninstallMode="0"/>
<entry name="C:\Users\Anton\AppData\Local\Programs\Common\i4j_jres\Oda-jK0QgTEmVssfllLP\1.8.0_202_64\lib\resources.jar" shared="false" uninstallMode="1"/>
<entry name="jars\locales.jar" shared="false" uninstallMode="0"/>
<entry name="C:\Users\Anton\AppData\Local\Programs\Common\i4j_jres\Oda-jK0QgTEmVssfllLP\1.8.0_202_64\lib\management\management.properties" shared="false" uninstallMode="1"/>
<entry name="C:\Users\Anton\AppData\Local\Programs\Common\i4j_jres\Oda-jK0QgTEmVssfllLP\1.8.0_202_64\bin\glass.dll" shared="false" uninstallMode="1"/>
<entry name="C:\Users\Anton\AppData\Local\Programs\Common\i4j_jres\Oda-jK0QgTEmVssfllLP\1.8.0_202_64\bin\nio.dll" shared="false" uninstallMode="1"/>
<entry name="C:\Users\Anton\AppData\Local\Programs\Common\i4j_jres\Oda-jK0QgTEmVssfllLP\1.8.0_202_64\lib\deploy\messages_pt_BR.properties" shared="false" uninstallMode="1"/>
<entry name="C:\Users\Anton\AppData\Local\Programs\Common\i4j_jres\Oda-jK0QgTEmVssfllLP\1.8.0_202_64\bin\instrument.dll" shared="false" uninstallMode="1"/>
<entry name=".install4j\response.varfile" shared="false" uninstallMode="0"/>
<entry name="C:\Users\Anton\AppData\Local\Programs\Common\i4j_jres\Oda-jK0QgTEmVssfllLP\1.8.0_202_64\bin\dt_shmem.dll" shared="false" uninstallMode="1"/>
<entry name=".install4j\i4j_extf_24_w8hjbe.properties" shared="false" uninstallMode="2"/>
<entry name=".install4j\i4j_extf_37_w8hjbe.properties" shared="false" uninstallMode="2"/>
<entry name="C:\Users\Anton\AppData\Local\Programs\Common\i4j_jres\Oda-jK0QgTEmVssfllLP\1.8.0_202_64\bin\api-ms-win-crt-conio-l1-1-0.dll" shared="false" uninstallMode="1"/>
<entry name="C:\Users\Anton\AppData\Local\Programs\Common\i4j_jres\Oda-jK0QgTEmVssfllLP\1.8.0_202_64\lib\deploy\messages_zh_CN.properties" shared="false" uninstallMode="1"/>
<entry name="C:\Users\Anton\AppData\Local\Programs\Common\i4j_jres\Oda-jK0QgTEmVssfllLP\1.8.0_202_64\bin\api-ms-win-core-handle-l1-1-0.dll" shared="false" uninstallMode="1"/>
<entry name="C:\Users\Anton\AppData\Local\Programs\Common\i4j_jres\Oda-jK0QgTEmVssfllLP\1.8.0_202_64\bin\management.dll" shared="false" uninstallMode="1"/>
<entry name="C:\Users\Anton\AppData\Local\Programs\Common\i4j_jres\Oda-jK0QgTEmVssfllLP\1.8.0_202_64\bin\prism_common.dll" shared="false" uninstallMode="1"/>
<entry name="C:\Users\Anton\AppData\Local\Programs\Common\i4j_jres\Oda-jK0QgTEmVssfllLP\1.8.0_202_64\bin\awt.dll" shared="false" uninstallMode="1"/>
<entry name="C:\Users\Anton\AppData\Local\Programs\Common\i4j_jres\Oda-jK0QgTEmVssfllLP\1.8.0_202_64\bin\api-ms-win-crt-convert-l1-1-0.dll" shared="false" uninstallMode="1"/>
<entry name="C:\Users\Anton\AppData\Local\Programs\Common\i4j_jres\Oda-jK0QgTEmVssfllLP\1.8.0_202_64\bin\api-ms-win-crt-filesystem-l1-1-0.dll" shared="false" uninstallMode="1"/>
<entry name="C:\Users\Anton\AppData\Local\Programs\Common\i4j_jres\Oda-jK0QgTEmVssfllLP\1.8.0_202_64\bin\sunmscapi.dll" shared="false" uninstallMode="1"/>
<entry name="C:\Users\Anton\AppData\Local\Programs\Common\i4j_jres\Oda-jK0QgTEmVssfllLP\1.8.0_202_64\bin\api-ms-win-core-timezone-l1-1-0.dll" shared="false" uninstallMode="1"/>
<entry name="C:\Users\Anton\AppData\Local\Programs\Common\i4j_jres\Oda-jK0QgTEmVssfllLP\1.8.0_202_64\bin\prism_d3d.dll" shared="false" uninstallMode="1"/>
<entry name="C:\Users\Anton\AppData\Local\Programs\Common\i4j_jres\Oda-jK0QgTEmVssfllLP\1.8.0_202_64\lib\security\policy\limited\US_export_policy.jar" shared="false" uninstallMode="1"/>
<entry name=".install4j\restarter.exe" shared="false" uninstallMode="0"/>
<entry name="C:\Users\Anton\AppData\Local\Programs\Common\i4j_jres\Oda-jK0QgTEmVssfllLP\1.8.0_202_64\lib\tzmappings" shared="false" uninstallMode="1"/>
<entry name="C:\Users\Anton\AppData\Local\Programs\Common\i4j_jres\Oda-jK0QgTEmVssfllLP\1.8.0_202_64\bin\gstreamer-lite.dll" shared="false" uninstallMode="1"/>
<entry name=".install4j\i4j_extf_26_w8hjbe.utf8" shared="false" uninstallMode="2"/>
<entry name=".install4j\autoUninstall.1" shared="false" uninstallMode="0"/>
<entry name="C:\Users\Anton\AppData\Local\Programs\Common\i4j_jres\Oda-jK0QgTEmVssfllLP\1.8.0_202_64\lib\jce.jar" shared="false" uninstallMode="1"/>
<entry name="C:\Users\Anton\AppData\Local\Programs\Common\i4j_jres\Oda-jK0QgTEmVssfllLP\1.8.0_202_64\lib\logging.properties" shared="false" uninstallMode="1"/>
<entry name="jre\lib\amd64\server\classes.jsa" shared="false" uninstallMode="0"/>
<entry name=".install4j\i4j_extf_6_w8hjbe.utf8" shared="false" uninstallMode="2"/>
<entry name="C:\Users\Anton\AppData\Local\Programs\Common\i4j_jres\Oda-jK0QgTEmVssfllLP\1.8.0_202_64\lib\security\cacerts" shared="false" uninstallMode="1"/>
<entry name="C:\Users\Anton\AppData\Local\Programs\Common\i4j_jres\Oda-jK0QgTEmVssfllLP\1.8.0_202_64\lib\jvm.hprof.txt" shared="false" uninstallMode="1"/>
<entry name=".install4j\i4j_extf_28_w8hjbe.utf8" shared="false" uninstallMode="2"/>
<entry name="C:\Users\Anton\AppData\Local\Programs\Common\i4j_jres\Oda-jK0QgTEmVssfllLP\1.8.0_202_64\THIRDPARTYLICENSEREADME.txt" shared="false" uninstallMode="1"/>
<entry name="C:\Users\Anton\AppData\Local\Programs\Common\i4j_jres\Oda-jK0QgTEmVssfllLP\1.8.0_202_64\bin\api-ms-win-crt-locale-l1-1-0.dll" shared="false" uninstallMode="1"/>
<entry name="C:\Users\Anton\AppData\Local\Programs\Common\i4j_jres\Oda-jK0QgTEmVssfllLP\1.8.0_202_64\lib\cmm\GRAY.pf" shared="false" uninstallMode="1"/>
<entry name="C:\Users\Anton\AppData\Local\Programs\Common\i4j_jres\Oda-jK0QgTEmVssfllLP\1.8.0_202_64\lib\images\cursors\invalid32x32.gif" shared="false" uninstallMode="1"/>
<entry name="C:\Users\Anton\AppData\Local\Programs\Common\i4j_jres\Oda-jK0QgTEmVssfllLP\1.8.0_202_64\LICENSE" shared="false" uninstallMode="1"/>
<entry name="C:\Users\Anton\AppData\Local\Programs\Common\i4j_jres\Oda-jK0QgTEmVssfllLP\1.8.0_202_64\bin\javaws.exe" shared="false" uninstallMode="1"/>
<entry name="C:\Users\Anton\AppData\Local\Programs\Common\i4j_jres\Oda-jK0QgTEmVssfllLP\1.8.0_202_64\bin\api-ms-win-crt-private-l1-1-0.dll" shared="false" uninstallMode="1"/>
<entry name="C:\Users\Anton\AppData\Local\Programs\Common\i4j_jres\Oda-jK0QgTEmVssfllLP\1.8.0_202_64\bin\plugin2\msvcr100.dll" shared="false" uninstallMode="1"/>
<entry name="C:\Users\Anton\AppData\Local\Programs\Common\i4j_jres\Oda-jK0QgTEmVssfllLP\1.8.0_202_64\lib\meta-index" shared="false" uninstallMode="1"/>
<entry name="C:\Users\Anton\AppData\Local\Programs\Common\i4j_jres\Oda-jK0QgTEmVssfllLP\1.8.0_202_64\bin\java.exe" shared="false" uninstallMode="1"/>
<entry name="C:\Users\Anton\AppData\Local\Programs\Common\i4j_jres\Oda-jK0QgTEmVssfllLP\1.8.0_202_64\lib\net.properties" shared="false" uninstallMode="1"/>
<entry name="jars\twslaunch-install4j-1.12.jar" shared="false" uninstallMode="0"/>
<entry name=".install4j\i4jruntime.jar" shared="false" uninstallMode="2"/>
<entry name="C:\Users\Anton\AppData\Local\Programs\Common\i4j_jres\Oda-jK0QgTEmVssfllLP\1.8.0_202_64\lib\jfxswt.jar" shared="false" uninstallMode="1"/>
<entry name="C:\Users\Anton\AppData\Local\Programs\Common\i4j_jres\Oda-jK0QgTEmVssfllLP\1.8.0_202_64\bin\JavaAccessBridge-64.dll" shared="false" uninstallMode="1"/>
<entry name=".install4j\i4j_extf_27_w8hjbe.properties" shared="false" uninstallMode="2"/>
<entry name="C:\Users\Anton\AppData\Local\Programs\Common\i4j_jres\Oda-jK0QgTEmVssfllLP\1.8.0_202_64\bin\api-ms-win-crt-time-l1-1-0.dll" shared="false" uninstallMode="1"/>
<entry name="C:\Users\Anton\AppData\Local\Programs\Common\i4j_jres\Oda-jK0QgTEmVssfllLP\1.8.0_202_64\lib\ext\sunjce_provider.jar" shared="false" uninstallMode="1"/>
<entry name="C:\Users\Anton\AppData\Local\Programs\Common\i4j_jres\Oda-jK0QgTEmVssfllLP\1.8.0_202_64\lib\ext\sunpkcs11.jar" shared="false" uninstallMode="1"/>
<entry name="C:\Users\Anton\AppData\Local\Programs\Common\i4j_jres\Oda-jK0QgTEmVssfllLP\1.8.0_202_64\lib\psfontj2d.properties" shared="false" uninstallMode="1"/>
<entry name="jre\lib\i386\server\classes.jsa" shared="false" uninstallMode="0"/>
<entry name="C:\Users\Anton\AppData\Local\Programs\Common\i4j_jres\Oda-jK0QgTEmVssfllLP\1.8.0_202_64\bin\api-ms-win-core-file-l1-2-0.dll" shared="false" uninstallMode="1"/>
<entry name="C:\Users\Anton\AppData\Local\Programs\Common\i4j_jres\Oda-jK0QgTEmVssfllLP\1.8.0_202_64\bin\api-ms-win-core-namedpipe-l1-1-0.dll" shared="false" uninstallMode="1"/>
<entry name="C:\Users\Anton\AppData\Local\Programs\Common\i4j_jres\Oda-jK0QgTEmVssfllLP\1.8.0_202_64\lib\deploy\splash_11@2x-lic.gif" shared="false" uninstallMode="1"/>
<entry name=".install4j\i4j_extf_5_w8hjbe.properties" shared="false" uninstallMode="2"/>
<entry name="C:\Users\Anton\AppData\Local\Programs\Common\i4j_jres\Oda-jK0QgTEmVssfllLP\1.8.0_202_64\lib\fonts\LucidaSansRegular.ttf" shared="false" uninstallMode="1"/>
<entry name=".install4j\i4j_extf_12_w8hjbe.utf8" shared="false" uninstallMode="2"/>
<entry name="jars\total-2020.jar" shared="false" uninstallMode="0"/>
<entry name=".install4j\i4j_extf_14_w8hjbe.utf8" shared="false" uninstallMode="2"/>
<entry name="C:\Users\Anton\AppData\Local\Programs\Common\i4j_jres\Oda-jK0QgTEmVssfllLP\1.8.0_202_64\bin\decora_sse.dll" shared="false" uninstallMode="1"/>
<entry name="C:\Users\Anton\AppData\Local\Programs\Common\i4j_jres\Oda-jK0QgTEmVssfllLP\1.8.0_202_64\bin\jsdt.dll" shared="false" uninstallMode="1"/>
<entry name="C:\Users\Anton\AppData\Local\Programs\Common\i4j_jres\Oda-jK0QgTEmVssfllLP\1.8.0_202_64\bin\jli.dll" shared="false" uninstallMode="1"/>
<entry name="C:\Users\Anton\AppData\Local\Programs\Common\i4j_jres\Oda-jK0QgTEmVssfllLP\1.8.0_202_64\lib\currency.data" shared="false" uninstallMode="1"/>
<entry name="C:\Users\Anton\AppData\Local\Programs\Common\i4j_jres\Oda-jK0QgTEmVssfllLP\1.8.0_202_64\lib\images\cursors\win32_CopyDrop32x32.gif" shared="false" uninstallMode="1"/>
<entry name="C:\Users\Anton\AppData\Local\Programs\Common\i4j_jres\Oda-jK0QgTEmVssfllLP\1.8.0_202_64\bin\jfxmedia.dll" shared="false" uninstallMode="1"/>
<entry name="C:\Users\Anton\AppData\Local\Programs\Common\i4j_jres\Oda-jK0QgTEmVssfllLP\1.8.0_202_64\lib\jsse.jar" shared="false" uninstallMode="1"/>
<entry name=".install4j\inst_jre.cfg" shared="false" uninstallMode="0"/>
<entry name=".install4j\i4j_extf_10_w8hjbe.utf8" shared="false" uninstallMode="2"/>
<entry name="C:\Users\Anton\AppData\Local\Programs\Common\i4j_jres\Oda-jK0QgTEmVssfllLP\1.8.0_202_64\lib\images\cursors\win32_MoveNoDrop32x32.gif" shared="false" uninstallMode="1"/>
<entry name="C:\Users\Anton\AppData\Local\Programs\Common\i4j_jres\Oda-jK0QgTEmVssfllLP\1.8.0_202_64\lib\ext\jfxrt.jar" shared="false" uninstallMode="1"/>
<entry name="C:\Users\Anton\AppData\Local\Programs\Common\i4j_jres\Oda-jK0QgTEmVssfllLP\1.8.0_202_64\README.txt" shared="false" uninstallMode="1"/>
<entry name="C:\Users\Anton\AppData\Local\Programs\Common\i4j_jres\Oda-jK0QgTEmVssfllLP\1.8.0_202_64\bin\javafx_font_t2k.dll" shared="false" uninstallMode="1"/>
<entry name=".install4j\i4jdel.exe" shared="false" uninstallMode="0"/>
<entry name="C:\Users\Anton\AppData\Local\Programs\Common\i4j_jres\Oda-jK0QgTEmVssfllLP\1.8.0_202_64\lib\tzdb.dat" shared="false" uninstallMode="1"/>
<entry name="C:\Users\Anton\AppData\Local\Programs\Common\i4j_jres\Oda-jK0QgTEmVssfllLP\1.8.0_202_64\lib\management\jmxremote.access" shared="false" uninstallMode="1"/>
<entry name="C:\Users\Anton\AppData\Local\Programs\Common\i4j_jres\Oda-jK0QgTEmVssfllLP\1.8.0_202_64\bin\server\Xusage.txt" shared="false" uninstallMode="1"/>
<entry name="C:\Users\Anton\AppData\Local\Programs\Common\i4j_jres\Oda-jK0QgTEmVssfllLP\1.8.0_202_64\lib\management-agent.jar" shared="false" uninstallMode="1"/>
<entry name=".install4j\i4j_extf_3_w8hjbe.properties" shared="false" uninstallMode="2"/>
<entry name="C:\Users\Anton\AppData\Local\Programs\Common\i4j_jres\Oda-jK0QgTEmVssfllLP\1.8.0_202_64\bin\ucrtbase.dll" shared="false" uninstallMode="1"/>
<entry name=".install4j\user.jar" shared="false" uninstallMode="2"/>
<entry name="C:\Users\Anton\AppData\Local\Programs\Common\i4j_jres\Oda-jK0QgTEmVssfllLP\1.8.0_202_64\bin\ssvagent.exe" shared="false" uninstallMode="1"/>
<entry name="C:\Users\Anton\AppData\Local\Programs\Common\i4j_jres\Oda-jK0QgTEmVssfllLP\1.8.0_202_64\lib\deploy.jar" shared="false" uninstallMode="1"/>
<entry name="C:\Users\Anton\AppData\Local\Programs\Common\i4j_jres\Oda-jK0QgTEmVssfllLP\1.8.0_202_64\lib\ext\sunmscapi.jar" shared="false" uninstallMode="1"/>
<entry name="C:\Users\Anton\AppData\Local\Programs\Common\i4j_jres\Oda-jK0QgTEmVssfllLP\1.8.0_202_64\bin\api-ms-win-crt-math-l1-1-0.dll" shared="false" uninstallMode="1"/>
<entry name=".install4j\i4j_extf_8_w8hjbe.properties" shared="false" uninstallMode="2"/>
<entry name="C:\Users\Anton\AppData\Local\Programs\Common\i4j_jres\Oda-jK0QgTEmVssfllLP\1.8.0_202_64\bin\msvcr100.dll" shared="false" uninstallMode="1"/>
<entry name="uninstall.exe" shared="false" uninstallMode="0"/>
<entry name="C:\Users\Anton\AppData\Local\Programs\Common\i4j_jres\Oda-jK0QgTEmVssfllLP\1.8.0_202_64\bin\api-ms-win-core-rtlsupport-l1-1-0.dll" shared="false" uninstallMode="1"/>
<entry name="C:\Users\Anton\AppData\Local\Programs\Common\i4j_jres\Oda-jK0QgTEmVssfllLP\1.8.0_202_64\bin\ktab.exe" shared="false" uninstallMode="1"/>
<entry name="C:\Users\Anton\AppData\Local\Programs\Common\i4j_jres\Oda-jK0QgTEmVssfllLP\1.8.0_202_64\lib\javafx.properties" shared="false" uninstallMode="1"/>
<entry name="C:\Users\Anton\AppData\Local\Programs\Common\i4j_jres\Oda-jK0QgTEmVssfllLP\1.8.0_202_64\bin\javafx_font.dll" shared="false" uninstallMode="1"/>
<entry name="C:\Users\Public\Desktop\IB Gateway 10.19.lnk" shared="false" uninstallMode="2"/>
<entry name="C:\Users\Anton\AppData\Local\Programs\Common\i4j_jres\Oda-jK0QgTEmVssfllLP\1.8.0_202_64\lib\charsets.jar" shared="false" uninstallMode="1"/>
<entry name="C:\Users\Anton\AppData\Local\Programs\Common\i4j_jres\Oda-jK0QgTEmVssfllLP\1.8.0_202_64\bin\api-ms-win-core-heap-l1-1-0.dll" shared="false" uninstallMode="1"/>
<entry name="C:\Users\Anton\AppData\Local\Programs\Common\i4j_jres\Oda-jK0QgTEmVssfllLP\1.8.0_202_64\lib\deploy\messages_de.properties" shared="false" uninstallMode="1"/>
<entry name="jre\bin\server\classes.jsa" shared="false" uninstallMode="0"/>
<entry name="C:\Users\Anton\AppData\Local\Programs\Common\i4j_jres\Oda-jK0QgTEmVssfllLP\1.8.0_202_64\bin\dt_socket.dll" shared="false" uninstallMode="1"/>
<entry name=".install4j\i4j_extf_19_w8hjbe.utf8" shared="false" uninstallMode="2"/>
<entry name="C:\Users\Anton\AppData\Local\Programs\Common\i4j_jres\Oda-jK0QgTEmVssfllLP\1.8.0_202_64\bin\pack200.exe" shared="false" uninstallMode="1"/>
<entry name=".install4j\i4j_extf_15_w8hjbe.utf8" shared="false" uninstallMode="2"/>
<entry name="C:\Users\Anton\AppData\Local\Programs\Common\i4j_jres\Oda-jK0QgTEmVssfllLP\1.8.0_202_64\bin\api-ms-win-core-processenvironment-l1-1-0.dll" shared="false" uninstallMode="1"/>
<entry name=".install4j\i4j_extf_42_w8hjbe_18gg8kx.png" shared="false" uninstallMode="2"/>
<entry name="C:\Users\Anton\AppData\Local\Programs\Common\i4j_jres\Oda-jK0QgTEmVssfllLP\1.8.0_202_64\bin\java-rmi.exe" shared="false" uninstallMode="1"/>
<entry name="C:\Users\Anton\AppData\Local\Programs\Common\i4j_jres\Oda-jK0QgTEmVssfllLP\1.8.0_202_64\lib\deploy\messages_fr.properties" shared="false" uninstallMode="1"/>
<entry name="C:\Users\Anton\AppData\Local\Programs\Common\i4j_jres\Oda-jK0QgTEmVssfllLP\1.8.0_202_64\lib\management\snmp.acl.template" shared="false" uninstallMode="1"/>
<entry name=".install4j\i4j_extf_17_w8hjbe.utf8" shared="false" uninstallMode="2"/>
<entry name="C:\Users\Anton\AppData\Local\Programs\Common\i4j_jres\Oda-jK0QgTEmVssfllLP\1.8.0_202_64\bin\sunec.dll" shared="false" uninstallMode="1"/>
<entry name="jars\log4j-api-2.17.1.jar" shared="false" uninstallMode="0"/>
<entry name="C:\Users\Anton\AppData\Local\Programs\Common\i4j_jres\Oda-jK0QgTEmVssfllLP\1.8.0_202_64\lib\security\policy\unlimited\local_policy.jar" shared="false" uninstallMode="1"/>
<entry name="jars\log4j-core-2.17.1.jar" shared="false" uninstallMode="0"/>
<entry name="C:\Users\Anton\AppData\Local\Programs\Common\i4j_jres\Oda-jK0QgTEmVssfllLP\1.8.0_202_64\lib\security\java.policy" shared="false" uninstallMode="1"/>
<entry name="C:\Users\Anton\AppData\Local\Programs\Common\i4j_jres\Oda-jK0QgTEmVssfllLP\1.8.0_202_64\bin\api-ms-win-core-processthreads-l1-1-0.dll" shared="false" uninstallMode="1"/>
<entry name="C:\Users\Anton\AppData\Local\Programs\Common\i4j_jres\Oda-jK0QgTEmVssfllLP\1.8.0_202_64\lib\deploy\messages_es.properties" shared="false" uninstallMode="1"/>
<entry name="C:\Users\Anton\AppData\Local\Programs\Common\i4j_jres\Oda-jK0QgTEmVssfllLP\1.8.0_202_64\bin\resource.dll" shared="false" uninstallMode="1"/>
<entry name="jars\jxbrowser-swing-7.26.jar" shared="false" uninstallMode="0"/>
</createdFiles>
<createdDirs>
<entry name="jars" shared="false" uninstallMode="0"/>
<entry name="data" shared="false" uninstallMode="0"/>
<entry name=".install4j\user" shared="false" uninstallMode="0"/>
<entry name=".install4j" shared="false" uninstallMode="0"/>
<entry name="." shared="false" uninstallMode="0"/>
<entry name="C:\Users\Anton\AppData\Roaming\Microsoft\Windows\Start Menu\Programs\IB Gateway 10.19" shared="false" uninstallMode="0"/>
<entry name="C:\Users\Anton\AppData\Local\Programs\Common\i4j_jres\Oda-jK0QgTEmVssfllLP\1.8.0_202_64\lib\security\policy\unlimited" shared="false" uninstallMode="1"/>
<entry name="C:\Users\Anton\AppData\Local\Programs\Common\i4j_jres\Oda-jK0QgTEmVssfllLP\1.8.0_202_64\lib\security\policy\limited" shared="false" uninstallMode="1"/>
<entry name="C:\Users\Anton\AppData\Local\Programs\Common\i4j_jres\Oda-jK0QgTEmVssfllLP\1.8.0_202_64\lib\security\policy" shared="false" uninstallMode="1"/>
<entry name="C:\Users\Anton\AppData\Local\Programs\Common\i4j_jres\Oda-jK0QgTEmVssfllLP\1.8.0_202_64\lib\security" shared="false" uninstallMode="1"/>
<entry name="C:\Users\Anton\AppData\Local\Programs\Common\i4j_jres\Oda-jK0QgTEmVssfllLP\1.8.0_202_64\lib\management" shared="false" uninstallMode="1"/>
<entry name="C:\Users\Anton\AppData\Local\Programs\Common\i4j_jres\Oda-jK0QgTEmVssfllLP\1.8.0_202_64\lib\jfr" shared="false" uninstallMode="1"/>
<entry name="C:\Users\Anton\AppData\Local\Programs\Common\i4j_jres\Oda-jK0QgTEmVssfllLP\1.8.0_202_64\lib\images\cursors" shared="false" uninstallMode="1"/>
<entry name="C:\Users\Anton\AppData\Local\Programs\Common\i4j_jres\Oda-jK0QgTEmVssfllLP\1.8.0_202_64\lib\images" shared="false" uninstallMode="1"/>
<entry name="C:\Users\Anton\AppData\Local\Programs\Common\i4j_jres\Oda-jK0QgTEmVssfllLP\1.8.0_202_64\lib\fonts" shared="false" uninstallMode="1"/>
<entry name="C:\Users\Anton\AppData\Local\Programs\Common\i4j_jres\Oda-jK0QgTEmVssfllLP\1.8.0_202_64\lib\ext" shared="false" uninstallMode="1"/>
<entry name="C:\Users\Anton\AppData\Local\Programs\Common\i4j_jres\Oda-jK0QgTEmVssfllLP\1.8.0_202_64\lib\deploy" shared="false" uninstallMode="1"/>
<entry name="C:\Users\Anton\AppData\Local\Programs\Common\i4j_jres\Oda-jK0QgTEmVssfllLP\1.8.0_202_64\lib\cmm" shared="false" uninstallMode="1"/>
<entry name="C:\Users\Anton\AppData\Local\Programs\Common\i4j_jres\Oda-jK0QgTEmVssfllLP\1.8.0_202_64\lib\applet" shared="false" uninstallMode="1"/>
<entry name="C:\Users\Anton\AppData\Local\Programs\Common\i4j_jres\Oda-jK0QgTEmVssfllLP\1.8.0_202_64\lib\amd64" shared="false" uninstallMode="1"/>
<entry name="C:\Users\Anton\AppData\Local\Programs\Common\i4j_jres\Oda-jK0QgTEmVssfllLP\1.8.0_202_64\lib" shared="false" uninstallMode="1"/>
<entry name="C:\Users\Anton\AppData\Local\Programs\Common\i4j_jres\Oda-jK0QgTEmVssfllLP\1.8.0_202_64\bin\server" shared="false" uninstallMode="1"/>
<entry name="C:\Users\Anton\AppData\Local\Programs\Common\i4j_jres\Oda-jK0QgTEmVssfllLP\1.8.0_202_64\bin\plugin2" shared="false" uninstallMode="1"/>
<entry name="C:\Users\Anton\AppData\Local\Programs\Common\i4j_jres\Oda-jK0QgTEmVssfllLP\1.8.0_202_64\bin\dtplugin" shared="false" uninstallMode="1"/>
<entry name="C:\Users\Anton\AppData\Local\Programs\Common\i4j_jres\Oda-jK0QgTEmVssfllLP\1.8.0_202_64\bin" shared="false" uninstallMode="1"/>
<entry name="C:\Users\Anton\AppData\Local\Programs\Common\i4j_jres\Oda-jK0QgTEmVssfllLP\1.8.0_202_64" shared="false" uninstallMode="1"/>
<entry name="C:\Users\Anton\AppData\Local\Programs\Common\i4j_jres\Oda-jK0QgTEmVssfllLP" shared="false" uninstallMode="1"/>
<entry name="C:\Users\Anton\AppData\Local\Programs\Common\i4j_jres" shared="false" uninstallMode="1"/>
</createdDirs>
</fileLog>
